<?xml version="1.0" encoding="UTF-8"?>
<!-- Generated by org.testng.reporters.JUnitXMLReporter -->
<testsuite ignored="0" hostname="admin1-LIVA-Z2V" failures="1" tests="1" name="Default test(failed)" time="22.785" errors="0" timestamp="2020-03-15T13:23:34 IST">
  <testcase classname="com.amazon.testcases.TC_HomePage" name="tc_005_addSameItemMultipleTime" time="14.613">
    <failure type="java.lang.IllegalMonitorStateException">
      <![CDATA[java.lang.IllegalMonitorStateException
at java.base/java.lang.Object.wait(Native Method)
at com.amazon.testcases.TC_HomePage.tc_005_addSameItemMultipleTime(TC_HomePage.java:92)
at java.base/java.util.ArrayList.forEach(ArrayList.java:1540)
... Removed 27 stack frames]]>
    </failure>
  </testcase> <!-- tc_005_addSameItemMultipleTime -->
</testsuite> <!-- Default test(failed) -->
