<?xml version="1.0" encoding="UTF-8"?>
<!-- Generated by org.testng.reporters.JUnitXMLReporter -->
<testsuite ignored="0" hostname="admin1-LIVA-Z2V" failures="1" tests="1" name="Default test(failed)" time="21.915" errors="0" timestamp="2020-03-16T15:04:20 IST">
  <testcase classname="com.amazon.testcases.TC_HomePage" name="tc_006_addMultipleItemToCart" time="11.395">
    <failure type="org.openqa.selenium.ElementClickInterceptedException" message="element click intercepted: Element &amp;lt;span style=&amp;quot;-webkit-line-clamp: 2; -webkit-box-orient: vertical;&amp;quot; data-click-el=&amp;quot;title&amp;quot; class=&amp;quot;sb_3XafbQtX sb_25yic0YU sb_CyFsQ0hU&amp;quot;&amp;gt;...&amp;lt;/span&amp;gt; is not clickable at point (765, 314). Other element would receive the click: &amp;lt;a aria-hidden=&amp;quot;&amp;quot; href=&amp;quot;https://aax-eu.amazon-adsystem.com/x/c/Qj9PuTOt8iwjRNbYJ5-OHdgAAAFw4rGKMAMAAAH2ASSM7q4/https://www.amazon.in/gp/aw/d/B083PFCFRB?pf_rd_p=81a4aecc-1d58-4ee0-b8ac-4a2a6895deba&amp;amp;amp;aaxitk=sWI62ZL3jNQhxFtEhbeyDg&amp;amp;amp;hsa_cr_id=9770286220002&amp;amp;amp;ref_=sb_s_sparkle&amp;quot; tabindex=&amp;quot;-1&amp;quot; target=&amp;quot;_top&amp;quot; class=&amp;quot;sb_1REHiRA7 sb_Es4IY3ln sb_1DwlnAbi&amp;quot; data-click-type=&amp;quot;desc&amp;quot; data-click-index=&amp;quot;0&amp;quot; data-click-asin=&amp;quot;B083PFCFRB&amp;quot;&amp;gt;&amp;lt;/a&amp;gt;
  (Session info: chrome=80.0.3987.122)
Build info: version: &amp;apos;3.141.59&amp;apos;, revision: &amp;apos;e82be7d358&amp;apos;, time: &amp;apos;2018-11-14T08:17:03&amp;apos;
System info: host: &amp;apos;admin1-LIVA-Z2V&amp;apos;, ip: &amp;apos;127.0.1.1&amp;apos;, os.name: &amp;apos;Linux&amp;apos;, os.arch: &amp;apos;amd64&amp;apos;, os.version: &amp;apos;5.0.0-38-generic&amp;apos;, java.version: &amp;apos;11.0.5&amp;apos;
Driver info: org.openqa.selenium.chrome.ChromeDriver
Capabilities {acceptInsecureCerts: false, browserName: chrome, browserVersion: 80.0.3987.122, chrome: {chromedriverVersion: 80.0.3987.106 (f68069574609..., userDataDir: /tmp/.com.google.Chrome.Jrl19t}, goog:chromeOptions: {debuggerAddress: localhost:38521}, javascriptEnabled: true, networkConnectionEnabled: false, pageLoadStrategy: normal, platform: LINUX, platformName: LINUX, proxy: Proxy(), setWindowRect: true, strictFileInteractability: false, timeouts: {implicit: 0, pageLoad: 300000, script: 30000}, unhandledPromptBehavior: dismiss and notify}
Session ID: d95b8db785a486ff594d4636acb08770">
      <![CDATA[org.openqa.selenium.ElementClickInterceptedException: element click intercepted: Element <span style="-webkit-line-clamp: 2; -webkit-box-orient: vertical;" data-click-el="title" class="sb_3XafbQtX sb_25yic0YU sb_CyFsQ0hU">...</span> is not clickable at point (765, 314). Other element would receive the click: <a aria-hidden="" href="https://aax-eu.amazon-adsystem.com/x/c/Qj9PuTOt8iwjRNbYJ5-OHdgAAAFw4rGKMAMAAAH2ASSM7q4/https://www.amazon.in/gp/aw/d/B083PFCFRB?pf_rd_p=81a4aecc-1d58-4ee0-b8ac-4a2a6895deba&amp;aaxitk=sWI62ZL3jNQhxFtEhbeyDg&amp;hsa_cr_id=9770286220002&amp;ref_=sb_s_sparkle" tabindex="-1" target="_top" class="sb_1REHiRA7 sb_Es4IY3ln sb_1DwlnAbi" data-click-type="desc" data-click-index="0" data-click-asin="B083PFCFRB"></a>
  (Session info: chrome=80.0.3987.122)
Build info: version: '3.141.59', revision: 'e82be7d358', time: '2018-11-14T08:17:03'
System info: host: 'admin1-LIVA-Z2V', ip: '127.0.1.1', os.name: 'Linux', os.arch: 'amd64', os.version: '5.0.0-38-generic', java.version: '11.0.5'
Driver info: org.openqa.selenium.chrome.ChromeDriver
Capabilities {acceptInsecureCerts: false, browserName: chrome, browserVersion: 80.0.3987.122, chrome: {chromedriverVersion: 80.0.3987.106 (f68069574609..., userDataDir: /tmp/.com.google.Chrome.Jrl19t}, goog:chromeOptions: {debuggerAddress: localhost:38521}, javascriptEnabled: true, networkConnectionEnabled: false, pageLoadStrategy: normal, platform: LINUX, platformName: LINUX, proxy: Proxy(), setWindowRect: true, strictFileInteractability: false, timeouts: {implicit: 0, pageLoad: 300000, script: 30000}, unhandledPromptBehavior: dismiss and notify}
Session ID: d95b8db785a486ff594d4636acb08770
at org.openqa.selenium.remote.http.W3CHttpResponseCodec.createException(W3CHttpResponseCodec.java:187)
at org.openqa.selenium.remote.http.W3CHttpResponseCodec.decode(W3CHttpResponseCodec.java:122)
at org.openqa.selenium.remote.http.W3CHttpResponseCodec.decode(W3CHttpResponseCodec.java:49)
at org.openqa.selenium.remote.HttpCommandExecutor.execute(HttpCommandExecutor.java:158)
at org.openqa.selenium.remote.service.DriverCommandExecutor.execute(DriverCommandExecutor.java:83)
at org.openqa.selenium.remote.RemoteWebDriver.execute(RemoteWebDriver.java:552)
at org.openqa.selenium.remote.RemoteWebElement.execute(RemoteWebElement.java:285)
at org.openqa.selenium.remote.RemoteWebElement.click(RemoteWebElement.java:84)
at org.openqa.selenium.support.pagefactory.internal.LocatingElementHandler.invoke(LocatingElementHandler.java:51)
at com.sun.proxy.$Proxy12.click(Unknown Source)
at com.amazon.page.HomePage.selectItem1(HomePage.java:164)
at com.amazon.testcases.TC_HomePage.tc_006_addMultipleItemToCart(TC_HomePage.java:141)
at java.base/java.util.ArrayList.forEach(ArrayList.java:1540)
... Removed 35 stack frames]]>
    </failure>
  </testcase> <!-- tc_006_addMultipleItemToCart -->
</testsuite> <!-- Default test(failed) -->
