<?xml version="1.0" encoding="UTF-8"?>
<!-- Generated by org.testng.reporters.JUnitXMLReporter -->
<testsuite ignored="0" hostname="admin1-LIVA-Z2V" failures="0" tests="5" name="Default test" time="159.235" errors="0" timestamp="2020-03-15T14:00:27 IST">
  <testcase classname="com.amazon.testcases.TC_HomePage" name="tc_001_SearchProduct" time="7.238"/>
  <testcase classname="com.amazon.testcases.TC_HomePage" name="tc_002_dropdown" time="5.82"/>
  <testcase classname="com.amazon.testcases.TC_HomePage" name="tc_003_addOnetoCart" time="20.181"/>
  <testcase classname="com.amazon.testcases.TC_HomePage" name="tc_004_increaseQuantityOfItem" time="34.365"/>
  <testcase classname="com.amazon.testcases.TC_HomePage" name="tc_005_addSameItemMultipleTime" time="43.572"/>
</testsuite> <!-- Default test -->
