<?xml version="1.0" encoding="UTF-8"?>
<testng-results ignored="0" total="1" passed="1" failed="0" skipped="0">
  <reporter-output>
  </reporter-output>
  <suite started-at="2020-03-15T16:32:06 IST" name="Default suite" finished-at="2020-03-15T16:32:17 IST" duration-ms="10717">
    <groups>
    </groups>
    <test started-at="2020-03-15T16:32:06 IST" name="Default test" finished-at="2020-03-15T16:32:17 IST" duration-ms="10717">
      <class name="com.amazon.testcases.TC_HomePage">
        <test-method is-config="true" signature="startBrowser()[pri:0, instance:com.amazon.testcases.TC_HomePage@71c8becc]" started-at="2020-03-15T16:32:06 IST" name="startBrowser" finished-at="2020-03-15T16:32:15 IST" duration-ms="8572" status="PASS">
          <reporter-output>
          </reporter-output>
        </test-method> <!-- startBrowser -->
        <test-method signature="tc_006_addMultipleItemToCart()[pri:0, instance:com.amazon.testcases.TC_HomePage@71c8becc]" started-at="2020-03-15T16:32:15 IST" name="tc_006_addMultipleItemToCart" finished-at="2020-03-15T16:32:17 IST" duration-ms="2033" status="PASS">
          <reporter-output>
          </reporter-output>
        </test-method> <!-- tc_006_addMultipleItemToCart -->
      </class> <!-- com.amazon.testcases.TC_HomePage -->
    </test> <!-- Default test -->
  </suite> <!-- Default suite -->
</testng-results>
